TN:
SF:src\background\service-worker.ts
FN:37,loadLetter
FN:42,(anonymous_1)
FN:60,getWordDetail
FN:70,getRateTimestamps
FN:81,setRateTimestamps
FN:93,checkRateLimit
FN:94,(anonymous_6)
FN:97,(anonymous_7)
FN:104,(anonymous_8)
FN:112,loadLocalDict
FN:128,translateLocal
FN:132,(anonymous_11)
FN:134,(anonymous_12)
FN:146,getStreamBatch
FN:156,estimatePromptSize
FN:167,translateBatch
FN:171,(anonymous_16)
FN:193,(anonymous_17)
FN:203,(anonymous_18)
FN:206,(anonymous_19)
FN:223,(anonymous_20)
FN:227,(anonymous_21)
FN:235,(anonymous_22)
FN:238,(anonymous_23)
FN:248,(anonymous_24)
FN:255,(anonymous_25)
FN:259,(anonymous_26)
FNF:27
FNH:0
FNDA:0,loadLetter
FNDA:0,(anonymous_1)
FNDA:0,getWordDetail
FNDA:0,getRateTimestamps
FNDA:0,setRateTimestamps
FNDA:0,checkRateLimit
FNDA:0,(anonymous_6)
FNDA:0,(anonymous_7)
FNDA:0,(anonymous_8)
FNDA:0,loadLocalDict
FNDA:0,translateLocal
FNDA:0,(anonymous_11)
FNDA:0,(anonymous_12)
FNDA:0,getStreamBatch
FNDA:0,estimatePromptSize
FNDA:0,translateBatch
FNDA:0,(anonymous_16)
FNDA:0,(anonymous_17)
FNDA:0,(anonymous_18)
FNDA:0,(anonymous_19)
FNDA:0,(anonymous_20)
FNDA:0,(anonymous_21)
FNDA:0,(anonymous_22)
FNDA:0,(anonymous_23)
FNDA:0,(anonymous_24)
FNDA:0,(anonymous_25)
FNDA:0,(anonymous_26)
DA:15,0
DA:17,0
DA:18,0
DA:19,0
DA:21,0
DA:22,0
DA:23,0
DA:34,0
DA:35,0
DA:38,0
DA:39,0
DA:40,0
DA:42,0
DA:43,0
DA:44,0
DA:45,0
DA:46,0
DA:47,0
DA:48,0
DA:49,0
DA:51,0
DA:52,0
DA:56,0
DA:57,0
DA:61,0
DA:62,0
DA:63,0
DA:64,0
DA:65,0
DA:71,0
DA:72,0
DA:73,0
DA:74,0
DA:75,0
DA:77,0
DA:82,0
DA:83,0
DA:84,0
DA:85,0
DA:91,0
DA:94,0
DA:95,0
DA:96,0
DA:97,0
DA:98,0
DA:99,0
DA:101,0
DA:102,0
DA:104,0
DA:105,0
DA:110,0
DA:113,0
DA:114,0
DA:115,0
DA:116,0
DA:117,0
DA:118,0
DA:119,0
DA:120,0
DA:122,0
DA:123,0
DA:124,0
DA:131,0
DA:132,0
DA:133,0
DA:135,0
DA:136,0
DA:147,0
DA:148,0
DA:157,0
DA:158,0
DA:159,0
DA:160,0
DA:161,0
DA:164,0
DA:171,0
DA:172,0
DA:173,0
DA:176,0
DA:177,0
DA:178,0
DA:181,0
DA:183,0
DA:184,0
DA:193,0
DA:194,0
DA:196,0
DA:197,0
DA:198,0
DA:199,0
DA:202,0
DA:204,0
DA:207,0
DA:210,0
DA:213,0
DA:214,0
DA:215,0
DA:216,0
DA:217,0
DA:221,0
DA:222,0
DA:224,0
DA:225,0
DA:228,0
DA:230,0
DA:234,0
DA:236,0
DA:239,0
DA:242,0
DA:248,0
DA:249,0
DA:250,0
DA:252,0
DA:255,0
DA:256,0
DA:259,0
DA:260,0
LF:117
LH:0
BRDA:39,0,0,0
BRDA:39,0,1,0
BRDA:40,1,0,0
BRDA:40,1,1,0
BRDA:45,2,0,0
BRDA:45,2,1,0
BRDA:62,3,0,0
BRDA:62,3,1,0
BRDA:65,4,0,0
BRDA:65,4,1,0
BRDA:72,5,0,0
BRDA:72,5,1,0
BRDA:75,6,0,0
BRDA:75,6,1,0
BRDA:83,7,0,0
BRDA:83,7,1,0
BRDA:98,8,0,0
BRDA:98,8,1,0
BRDA:113,9,0,0
BRDA:113,9,1,0
BRDA:116,10,0,0
BRDA:116,10,1,0
BRDA:131,11,0,0
BRDA:131,11,1,0
BRDA:136,12,0,0
BRDA:136,12,1,0
BRDA:172,13,0,0
BRDA:172,13,1,0
BRDA:177,14,0,0
BRDA:177,14,1,0
BRDA:194,15,0,0
BRDA:194,15,1,0
BRDA:194,16,0,0
BRDA:194,16,1,0
BRDA:196,17,0,0
BRDA:196,17,1,0
BRDA:197,18,0,0
BRDA:197,18,1,0
BRDA:213,19,0,0
BRDA:213,19,1,0
BRDA:215,20,0,0
BRDA:215,20,1,0
BRDA:215,21,0,0
BRDA:215,21,1,0
BRDA:221,22,0,0
BRDA:221,22,1,0
BRDA:249,23,0,0
BRDA:249,23,1,0
BRF:48
BRH:0
end_of_record
TN:
SF:src\lib\inline-renderer.ts
FN:23,getWordDetail
FN:75,applyAnnotations
FN:89,(anonymous_2)
FNF:3
FNH:0
FNDA:0,getWordDetail
FNDA:0,applyAnnotations
FNDA:0,(anonymous_2)
DA:14,0
DA:17,0
DA:24,0
DA:27,0
DA:28,0
DA:29,0
DA:30,0
DA:31,0
DA:34,0
DA:35,0
DA:37,0
DA:38,0
DA:42,0
DA:43,0
DA:44,0
DA:50,0
DA:52,0
DA:53,0
DA:54,0
DA:56,0
DA:59,0
DA:81,0
DA:83,0
DA:84,0
DA:85,0
DA:89,0
DA:90,0
DA:91,0
DA:92,0
DA:93,0
DA:94,0
DA:97,0
DA:98,0
DA:100,0
DA:101,0
DA:102,0
DA:104,0
DA:105,0
DA:106,0
DA:109,0
DA:110,0
DA:111,0
DA:112,0
DA:114,0
DA:119,0
DA:125,0
DA:126,0
DA:127,0
DA:133,0
DA:134,0
DA:135,0
LF:51
LH:0
BRDA:27,0,0,0
BRDA:27,0,1,0
BRDA:28,1,0,0
BRDA:28,1,1,0
BRDA:42,2,0,0
BRDA:42,2,1,0
BRDA:42,3,0,0
BRDA:42,3,1,0
BRDA:50,4,0,0
BRDA:50,4,1,0
BRDA:52,5,0,0
BRDA:52,5,1,0
BRDA:54,6,0,0
BRDA:54,6,1,0
BRDA:79,7,0,0
BRDA:90,8,0,0
BRDA:90,8,1,0
BRDA:92,9,0,0
BRDA:92,9,1,0
BRDA:93,10,0,0
BRDA:93,10,1,0
BRDA:104,11,0,0
BRDA:104,11,1,0
BRDA:133,12,0,0
BRDA:133,12,1,0
BRDA:133,13,0,0
BRDA:133,13,1,0
BRDA:134,14,0,0
BRDA:134,14,1,0
BRDA:134,15,0,0
BRDA:134,15,1,0
BRF:31
BRH:0
end_of_record
TN:
SF:src\lib\level-data-full.json
FNF:0
FNH:0
LF:0
LH:0
BRF:0
BRH:0
end_of_record
TN:
SF:src\lib\level-data.ts
FN:18,loadLevelData
FN:22,(anonymous_1)
FN:48,getWordLevelMap
FN:56,getWordLevelMapSync
FNF:4
FNH:0
FNDA:0,loadLevelData
FNDA:0,(anonymous_1)
FNDA:0,getWordLevelMap
FNDA:0,getWordLevelMapSync
DA:11,1
DA:12,1
DA:19,0
DA:20,0
DA:22,0
DA:23,0
DA:25,0
DA:26,0
DA:27,0
DA:28,0
DA:30,0
DA:31,0
DA:32,0
DA:33,0
DA:35,0
DA:37,0
DA:38,0
DA:42,0
DA:49,0
DA:57,0
DA:61,1
LF:21
LH:3
BRDA:19,0,0,0
BRDA:19,0,1,0
BRDA:20,1,0,0
BRDA:20,1,1,0
BRDA:27,2,0,0
BRDA:27,2,1,0
BRF:6
BRH:0
end_of_record
TN:
SF:src\lib\level-filter.ts
FN:28,loadWordlist
FN:48,tokenizeWords
FN:115,getSiteRule
FN:117,(anonymous_3)
FN:117,(anonymous_4)
FN:135,initSiteConfig
FN:160,setSiteConfig
FN:174,getConfig
FN:179,isStayOriginal
FN:189,isExcluded
FN:201,checkLevel
FN:211,isSentenceEnd
FN:219,shouldSkipElement
FN:230,collectTextNodes
FN:247,lookBehind
FN:270,filterWords
FN:463,computeTooltipPosition
FN:495,parseExampleSegments
FN:511,createTooltipElement
FN:518,(anonymous_19)
FN:538,(anonymous_20)
FN:546,(anonymous_21)
FN:614,createReadtoSpan
FN:661,unpinTooltip
FN:673,setupHoverDetail
FN:687,(anonymous_25)
FN:688,(anonymous_26)
FN:690,(anonymous_27)
FN:692,(anonymous_28)
FN:701,(anonymous_29)
FN:713,(anonymous_30)
FN:721,(anonymous_31)
FN:726,(anonymous_32)
FN:748,(anonymous_33)
FN:760,(anonymous_34)
FN:766,(anonymous_35)
FN:774,(anonymous_36)
FN:777,(anonymous_37)
FN:820,getTranslator
FN:823,translate
FN:831,(anonymous_40)
FNF:41
FNH:8
FNDA:0,loadWordlist
FNDA:14,tokenizeWords
FNDA:6,getSiteRule
FNDA:13,(anonymous_3)
FNDA:18,(anonymous_4)
FNDA:1,initSiteConfig
FNDA:2,setSiteConfig
FNDA:0,getConfig
FNDA:0,isStayOriginal
FNDA:0,isExcluded
FNDA:1,checkLevel
FNDA:0,isSentenceEnd
FNDA:0,shouldSkipElement
FNDA:0,collectTextNodes
FNDA:0,lookBehind
FNDA:1,filterWords
FNDA:0,computeTooltipPosition
FNDA:0,parseExampleSegments
FNDA:0,createTooltipElement
FNDA:0,(anonymous_19)
FNDA:0,(anonymous_20)
FNDA:0,(anonymous_21)
FNDA:0,createReadtoSpan
FNDA:0,unpinTooltip
FNDA:0,setupHoverDetail
FNDA:0,(anonymous_25)
FNDA:0,(anonymous_26)
FNDA:0,(anonymous_27)
FNDA:0,(anonymous_28)
FNDA:0,(anonymous_29)
FNDA:0,(anonymous_30)
FNDA:0,(anonymous_31)
FNDA:0,(anonymous_32)
FNDA:0,(anonymous_33)
FNDA:0,(anonymous_34)
FNDA:0,(anonymous_35)
FNDA:0,(anonymous_36)
FNDA:0,(anonymous_37)
FNDA:0,getTranslator
FNDA:0,translate
FNDA:0,(anonymous_40)
DA:19,1
DA:25,1
DA:29,0
DA:30,0
DA:31,0
DA:45,1
DA:49,14
DA:51,14
DA:53,14
DA:54,10028
DA:55,10028
DA:56,10028
DA:57,10028
DA:59,10028
DA:68,14
DA:74,1
DA:98,1
DA:104,1
DA:112,1
DA:116,6
DA:117,18
DA:119,6
DA:136,1
DA:148,1
DA:161,2
DA:175,0
DA:180,0
DA:181,0
DA:182,0
DA:184,0
DA:190,0
DA:191,0
DA:192,0
DA:194,0
DA:202,1
DA:208,1
DA:212,0
DA:216,1
DA:220,0
DA:231,0
DA:232,0
DA:233,0
DA:234,0
DA:235,0
DA:236,0
DA:237,0
DA:248,0
DA:249,0
DA:250,0
DA:251,0
DA:253,0
DA:271,1
DA:273,0
DA:274,0
DA:275,0
DA:276,0
DA:278,0
DA:279,0
DA:280,0
DA:282,0
DA:283,0
DA:284,0
DA:285,0
DA:286,0
DA:288,0
DA:290,0
DA:291,0
DA:294,0
DA:297,0
DA:298,0
DA:301,0
DA:302,0
DA:305,0
DA:306,0
DA:307,0
DA:309,0
DA:319,0
DA:320,0
DA:323,0
DA:329,1
DA:470,0
DA:473,0
DA:474,0
DA:477,0
DA:478,0
DA:480,0
DA:483,0
DA:484,0
DA:486,0
DA:492,1
DA:496,0
DA:497,0
DA:498,0
DA:499,0
DA:501,0
DA:502,0
DA:503,0
DA:504,0
DA:506,0
DA:507,0
DA:517,0
DA:518,0
DA:520,0
DA:521,0
DA:523,0
DA:524,0
DA:525,0
DA:529,0
DA:530,0
DA:531,0
DA:533,0
DA:534,0
DA:535,0
DA:536,0
DA:537,0
DA:538,0
DA:539,0
DA:540,0
DA:541,0
DA:542,0
DA:544,0
DA:545,0
DA:546,0
DA:548,0
DA:550,0
DA:551,0
DA:552,0
DA:553,0
DA:555,0
DA:559,0
DA:560,0
DA:561,0
DA:562,0
DA:565,0
DA:566,0
DA:567,0
DA:568,0
DA:569,0
DA:570,0
DA:572,0
DA:573,0
DA:574,0
DA:575,0
DA:576,0
DA:578,0
DA:579,0
DA:580,0
DA:581,0
DA:584,0
DA:586,0
DA:587,0
DA:588,0
DA:589,0
DA:591,0
DA:593,0
DA:596,0
DA:620,0
DA:621,0
DA:622,0
DA:624,0
DA:627,0
DA:628,0
DA:629,0
DA:630,0
DA:632,0
DA:633,0
DA:634,0
DA:638,0
DA:641,0
DA:642,0
DA:643,0
DA:644,0
DA:647,0
DA:648,0
DA:651,0
DA:655,1
DA:656,1
DA:659,1
DA:662,0
DA:663,0
DA:664,0
DA:665,0
DA:680,0
DA:681,0
DA:682,0
DA:683,0
DA:684,0
DA:685,0
DA:687,0
DA:688,0
DA:690,0
DA:691,0
DA:692,0
DA:693,0
DA:694,0
DA:695,0
DA:696,0
DA:697,0
DA:701,0
DA:702,0
DA:703,0
DA:704,0
DA:705,0
DA:706,0
DA:707,0
DA:709,0
DA:714,0
DA:715,0
DA:716,0
DA:720,0
DA:721,0
DA:723,0
DA:724,0
DA:726,0
DA:729,0
DA:730,0
DA:737,0
DA:738,0
DA:739,0
DA:742,0
DA:743,0
DA:748,0
DA:749,0
DA:750,0
DA:751,0
DA:752,0
DA:753,0
DA:755,0
DA:756,0
DA:760,0
DA:761,0
DA:762,0
DA:763,0
DA:764,0
DA:766,0
DA:767,0
DA:768,0
DA:769,0
DA:771,0
DA:774,0
DA:775,0
DA:777,0
DA:778,0
DA:779,0
DA:786,1
DA:789,1
DA:792,1
DA:795,1
DA:798,1
DA:821,0
DA:824,0
DA:825,0
DA:830,0
DA:831,0
DA:837,0
DA:839,0
LF:256
LH:36
BRDA:29,0,0,0
BRDA:29,0,1,0
BRDA:56,1,0,10028
BRDA:56,1,1,10024
BRDA:57,2,0,10028
BRDA:57,2,1,5
BRDA:120,3,0,6
BRDA:120,3,1,2
BRDA:121,4,0,6
BRDA:121,4,1,2
BRDA:125,5,0,6
BRDA:125,5,1,2
BRDA:129,6,0,6
BRDA:129,6,1,2
BRDA:150,7,0,1
BRDA:150,7,1,0
BRDA:153,8,0,1
BRDA:153,8,1,0
BRDA:168,9,0,1
BRDA:168,9,1,1
BRDA:169,10,0,1
BRDA:169,10,1,1
BRDA:175,11,0,0
BRDA:175,11,1,0
BRDA:180,12,0,0
BRDA:180,12,1,0
BRDA:190,13,0,0
BRDA:190,13,1,0
BRDA:221,14,0,0
BRDA:221,14,1,0
BRDA:221,14,2,0
BRDA:221,14,3,0
BRDA:221,14,4,0
BRDA:233,15,0,0
BRDA:233,15,1,0
BRDA:235,16,0,0
BRDA:235,16,1,0
BRDA:236,17,0,0
BRDA:236,17,1,0
BRDA:251,18,0,0
BRDA:251,18,1,0
BRDA:271,19,0,1
BRDA:271,19,1,0
BRDA:294,20,0,0
BRDA:294,20,1,0
BRDA:294,20,2,0
BRDA:294,20,3,0
BRDA:297,21,0,0
BRDA:297,21,1,0
BRDA:301,22,0,0
BRDA:301,22,1,0
BRDA:301,23,0,0
BRDA:301,23,1,0
BRDA:302,24,0,0
BRDA:302,24,1,0
BRDA:302,25,0,0
BRDA:302,25,1,0
BRDA:306,26,0,0
BRDA:306,26,1,0
BRDA:307,27,0,0
BRDA:307,27,1,0
BRDA:320,28,0,0
BRDA:320,28,1,0
BRDA:480,29,0,0
BRDA:480,29,1,0
BRDA:480,30,0,0
BRDA:480,30,1,0
BRDA:496,31,0,0
BRDA:496,31,1,0
BRDA:502,32,0,0
BRDA:502,32,1,0
BRDA:506,33,0,0
BRDA:506,33,1,0
BRDA:518,34,0,0
BRDA:518,34,1,0
BRDA:523,35,0,0
BRDA:523,35,1,0
BRDA:529,36,0,0
BRDA:529,36,1,0
BRDA:561,37,0,0
BRDA:561,37,1,0
BRDA:565,38,0,0
BRDA:565,38,1,0
BRDA:575,39,0,0
BRDA:575,39,1,0
BRDA:618,40,0,0
BRDA:647,41,0,0
BRDA:647,41,1,0
BRDA:647,42,0,0
BRDA:647,42,1,0
BRDA:662,43,0,0
BRDA:662,43,1,0
BRDA:687,44,0,0
BRDA:687,44,1,0
BRDA:688,45,0,0
BRDA:688,45,1,0
BRDA:694,46,0,0
BRDA:694,46,1,0
BRDA:696,47,0,0
BRDA:696,47,1,0
BRDA:697,48,0,0
BRDA:697,48,1,0
BRDA:705,49,0,0
BRDA:705,49,1,0
BRDA:705,50,0,0
BRDA:705,50,1,0
BRDA:705,50,2,0
BRDA:705,50,3,0
BRDA:706,51,0,0
BRDA:706,51,1,0
BRDA:706,52,0,0
BRDA:706,52,1,0
BRDA:707,53,0,0
BRDA:707,53,1,0
BRDA:721,54,0,0
BRDA:721,54,1,0
BRDA:742,55,0,0
BRDA:742,55,1,0
BRDA:751,56,0,0
BRDA:751,56,1,0
BRDA:769,57,0,0
BRDA:769,57,1,0
BRDA:775,58,0,0
BRDA:775,58,1,0
BRDA:775,59,0,0
BRDA:775,59,1,0
BRDA:777,60,0,0
BRDA:777,60,1,0
BRDA:822,61,0,0
BRDA:822,61,1,0
BRDA:830,62,0,0
BRDA:830,62,1,0
BRDA:830,63,0,0
BRDA:830,63,1,0
BRDA:831,64,0,0
BRDA:831,64,1,0
BRF:136
BRH:19
end_of_record
TN:
SF:src\lib\llm-stream.ts
FN:48,buildBatchedUserMessage
FN:51,(anonymous_1)
FN:67,validateTranslations
FN:74,(anonymous_3)
FN:75,(anonymous_4)
FN:122,streamBatch
FN:132,(anonymous_6)
FN:135,(anonymous_7)
FNF:8
FNH:0
FNDA:0,buildBatchedUserMessage
FNDA:0,(anonymous_1)
FNDA:0,validateTranslations
FNDA:0,(anonymous_3)
FNDA:0,(anonymous_4)
FNDA:0,streamBatch
FNDA:0,(anonymous_6)
FNDA:0,(anonymous_7)
DA:17,0
DA:24,0
DA:29,0
DA:35,0
DA:51,0
DA:52,0
DA:60,0
DA:61,0
DA:71,0
DA:73,0
DA:75,0
DA:79,0
DA:81,0
DA:82,0
DA:84,0
DA:86,0
DA:88,0
DA:89,0
DA:91,0
DA:92,0
DA:93,0
DA:94,0
DA:96,0
DA:103,0
DA:123,0
DA:125,0
DA:126,0
DA:131,0
DA:132,0
DA:133,0
DA:135,0
DA:136,0
DA:137,0
DA:138,0
DA:139,0
DA:140,0
DA:143,0
DA:152,0
DA:154,0
DA:155,0
DA:157,0
DA:158,0
DA:161,0
DA:162,0
DA:166,0
DA:172,0
DA:173,0
DA:174,0
DA:175,0
DA:179,0
LF:50
LH:0
BRDA:71,0,0,0
BRDA:71,0,1,0
BRDA:82,1,0,0
BRDA:82,1,1,0
BRDA:82,2,0,0
BRDA:82,2,1,0
BRDA:86,3,0,0
BRDA:86,3,1,0
BRDA:86,4,0,0
BRDA:86,4,1,0
BRDA:86,4,2,0
BRDA:89,5,0,0
BRDA:89,5,1,0
BRDA:92,6,0,0
BRDA:92,6,1,0
BRDA:93,7,0,0
BRDA:93,7,1,0
BRDA:94,8,0,0
BRDA:94,8,1,0
BRDA:128,9,0,0
BRDA:128,9,1,0
BRDA:136,10,0,0
BRDA:136,10,1,0
BRDA:136,11,0,0
BRDA:136,11,1,0
BRDA:136,11,2,0
BRDA:155,12,0,0
BRDA:155,12,1,0
BRDA:158,13,0,0
BRDA:158,13,1,0
BRDA:166,14,0,0
BRDA:166,14,1,0
BRDA:172,15,0,0
BRDA:172,15,1,0
BRDA:173,16,0,0
BRDA:173,16,1,0
BRF:36
BRH:0
end_of_record
TN:
SF:src\lib\llm-url.ts
FN:7,stripPath
FN:12,baseUrlFromEndpoint
FN:23,chatCompletionsUrl
FN:28,hasQueryParams
FNF:4
FNH:0
FNDA:0,stripPath
FNDA:0,baseUrlFromEndpoint
FNDA:0,chatCompletionsUrl
FNDA:0,hasQueryParams
DA:8,0
DA:13,0
DA:14,0
DA:15,0
DA:16,0
DA:18,0
DA:24,0
DA:29,0
DA:30,0
DA:32,0
LF:10
LH:0
BRF:0
BRH:0
end_of_record
TN:
SF:src\lib\pronunciation.ts
FN:25,waitForVoices
FN:27,(anonymous_1)
FN:29,(anonymous_2)
FN:41,pickBestVoice
FN:45,(anonymous_4)
FN:51,(anonymous_5)
FN:56,(anonymous_6)
FN:62,(anonymous_7)
FN:69,fetchDictionaryAudio
FN:95,googleTtsUrl
FN:100,youdaoTtsUrl
FN:107,playAudioUrl
FN:114,(anonymous_12)
FN:133,(anonymous_13)
FN:134,(anonymous_14)
FN:135,(anonymous_15)
FN:136,(anonymous_16)
FN:146,speakWithSynthesis
FN:166,(anonymous_18)
FN:181,speakWord
FN:203,speakWordSync
FNF:21
FNH:0
FNDA:0,waitForVoices
FNDA:0,(anonymous_1)
FNDA:0,(anonymous_2)
FNDA:0,pickBestVoice
FNDA:0,(anonymous_4)
FNDA:0,(anonymous_5)
FNDA:0,(anonymous_6)
FNDA:0,(anonymous_7)
FNDA:0,fetchDictionaryAudio
FNDA:0,googleTtsUrl
FNDA:0,youdaoTtsUrl
FNDA:0,playAudioUrl
FNDA:0,(anonymous_12)
FNDA:0,(anonymous_13)
FNDA:0,(anonymous_14)
FNDA:0,(anonymous_15)
FNDA:0,(anonymous_16)
FNDA:0,speakWithSynthesis
FNDA:0,(anonymous_18)
FNDA:0,speakWord
FNDA:0,speakWordSync
DA:13,1
DA:22,1
DA:26,0
DA:27,0
DA:28,0
DA:29,0
DA:30,0
DA:31,0
DA:32,0
DA:33,0
DA:35,0
DA:36,0
DA:42,0
DA:43,0
DA:44,0
DA:45,0
DA:48,0
DA:49,0
DA:51,0
DA:52,0
DA:55,0
DA:56,0
DA:57,0
DA:62,0
DA:63,0
DA:70,0
DA:71,0
DA:75,0
DA:76,0
DA:77,0
DA:78,0
DA:79,0
DA:80,0
DA:81,0
DA:82,0
DA:83,0
DA:88,0
DA:90,0
DA:96,0
DA:101,0
DA:108,0
DA:109,0
DA:111,0
DA:112,0
DA:114,0
DA:115,0
DA:116,0
DA:118,0
DA:120,0
DA:121,0
DA:123,0
DA:124,0
DA:127,0
DA:128,0
DA:129,0
DA:132,0
DA:133,0
DA:134,0
DA:135,0
DA:136,0
DA:139,0
DA:141,0
DA:147,0
DA:148,0
DA:149,0
DA:151,0
DA:152,0
DA:154,0
DA:155,0
DA:156,0
DA:157,0
DA:158,0
DA:159,0
DA:161,0
DA:163,0
DA:164,0
DA:165,0
DA:166,0
DA:182,0
DA:185,0
DA:186,0
DA:187,0
DA:190,0
DA:193,0
DA:196,0
DA:204,0
LF:86
LH:2
BRDA:25,0,0,0
BRDA:26,1,0,0
BRDA:26,1,1,0
BRDA:26,2,0,0
BRDA:26,2,1,0
BRDA:30,3,0,0
BRDA:30,3,1,0
BRDA:42,4,0,0
BRDA:42,4,1,0
BRDA:43,5,0,0
BRDA:43,5,1,0
BRDA:48,6,0,0
BRDA:48,6,1,0
BRDA:49,7,0,0
BRDA:49,7,1,0
BRDA:52,8,0,0
BRDA:52,8,1,0
BRDA:57,9,0,0
BRDA:57,9,1,0
BRDA:62,10,0,0
BRDA:62,10,1,0
BRDA:75,11,0,0
BRDA:75,11,1,0
BRDA:77,12,0,0
BRDA:77,12,1,0
BRDA:80,13,0,0
BRDA:80,13,1,0
BRDA:82,14,0,0
BRDA:82,14,1,0
BRDA:82,15,0,0
BRDA:82,15,1,0
BRDA:82,15,2,0
BRDA:108,16,0,0
BRDA:108,16,1,0
BRDA:127,17,0,0
BRDA:127,17,1,0
BRDA:127,18,0,0
BRDA:127,18,1,0
BRDA:147,19,0,0
BRDA:147,19,1,0
BRDA:148,20,0,0
BRDA:148,20,1,0
BRDA:149,21,0,0
BRDA:149,21,1,0
BRDA:149,22,0,0
BRDA:149,22,1,0
BRDA:152,23,0,0
BRDA:152,23,1,0
BRDA:157,24,0,0
BRDA:157,24,1,0
BRDA:182,25,0,0
BRDA:182,25,1,0
BRDA:186,26,0,0
BRDA:186,26,1,0
BRDA:187,27,0,0
BRDA:187,27,1,0
BRDA:187,28,0,0
BRDA:187,28,1,0
BRDA:190,29,0,0
BRDA:190,29,1,0
BRDA:193,30,0,0
BRDA:193,30,1,0
BRF:62
BRH:0
end_of_record
TN:
SF:src\lib\storage.ts
FN:14,isValidLevel
FN:32,isValidLlmConfigShape
FN:39,isLocalhost
FN:48,hasQueryParams
FN:57,isFullConfig
FN:65,getSettings
FN:75,getFullConfig
FN:97,getLlmConfig
FN:120,saveSettings
FN:125,saveLlmConfig
FN:146,migration
FN:195,getReadableConfig
FNF:12
FNH:7
FNDA:4,isValidLevel
FNDA:0,isValidLlmConfigShape
FNDA:7,isLocalhost
FNDA:3,hasQueryParams
FNDA:5,isFullConfig
FNDA:4,getSettings
FNDA:0,getFullConfig
FNDA:0,getLlmConfig
FNDA:2,saveSettings
FNDA:2,saveLlmConfig
FNDA:0,migration
FNDA:0,getReadableConfig
DA:12,1
DA:15,4
DA:18,1
DA:24,1
DA:25,1
DA:26,1
DA:29,1
DA:33,0
DA:34,0
DA:35,0
DA:40,7
DA:41,7
DA:42,7
DA:44,1
DA:49,3
DA:50,3
DA:52,0
DA:58,5
DA:59,4
DA:60,2
DA:61,1
DA:66,4
DA:67,4
DA:68,4
DA:69,4
DA:70,4
DA:71,4
DA:76,0
DA:80,0
DA:81,0
DA:82,0
DA:93,0
DA:98,0
DA:99,0
DA:103,0
DA:104,0
DA:105,0
DA:116,0
DA:121,2
DA:126,2
DA:127,1
DA:128,1
DA:130,1
DA:138,1
DA:147,0
DA:148,0
DA:149,0
DA:151,0
DA:153,0
DA:154,0
DA:156,0
DA:157,0
DA:159,0
DA:162,0
DA:163,0
DA:164,0
DA:165,0
DA:168,0
DA:169,0
DA:170,0
DA:171,0
DA:174,0
DA:175,0
DA:179,0
DA:194,1
DA:196,0
DA:197,0
DA:198,0
LF:68
LH:30
BRDA:15,0,0,4
BRDA:15,0,1,2
BRDA:33,1,0,0
BRDA:33,1,1,0
BRDA:33,2,0,0
BRDA:33,2,1,0
BRDA:35,3,0,0
BRDA:35,3,1,0
BRDA:35,3,2,0
BRDA:42,4,0,7
BRDA:42,4,1,4
BRDA:42,4,2,3
BRDA:42,4,3,3
BRDA:58,5,0,1
BRDA:58,5,1,4
BRDA:59,6,0,2
BRDA:59,6,1,2
BRDA:59,7,0,4
BRDA:59,7,1,4
BRDA:59,7,2,3
BRDA:59,7,3,3
BRDA:60,8,0,1
BRDA:60,8,1,1
BRDA:61,9,0,1
BRDA:61,9,1,0
BRDA:67,10,0,1
BRDA:67,10,1,3
BRDA:69,11,0,1
BRDA:69,11,1,3
BRDA:69,12,0,4
BRDA:69,12,1,4
BRDA:70,13,0,1
BRDA:70,13,1,3
BRDA:81,14,0,0
BRDA:81,14,1,0
BRDA:88,15,0,0
BRDA:88,15,1,0
BRDA:104,16,0,0
BRDA:104,16,1,0
BRDA:111,17,0,0
BRDA:111,17,1,0
BRDA:126,18,0,1
BRDA:126,18,1,1
BRDA:136,19,0,1
BRDA:136,19,1,0
BRDA:149,20,0,0
BRDA:149,20,1,0
BRDA:151,21,0,0
BRDA:151,21,1,0
BRDA:153,22,0,0
BRDA:153,22,1,0
BRDA:153,23,0,0
BRDA:153,23,1,0
BRDA:153,23,2,0
BRDA:153,23,3,0
BRDA:153,23,4,0
BRDA:156,24,0,0
BRDA:156,24,1,0
BRDA:162,25,0,0
BRDA:162,25,1,0
BRDA:163,26,0,0
BRDA:163,26,1,0
BRDA:169,27,0,0
BRDA:169,27,1,0
BRDA:169,28,0,0
BRDA:169,28,1,0
BRDA:174,29,0,0
BRDA:174,29,1,0
BRF:68
BRH:28
end_of_record
TN:
SF:src\lib\stream-preview.ts
FN:19,streamPreviewAnnotations
FN:40,(anonymous_1)
FN:61,(anonymous_2)
FNF:3
FNH:0
FNDA:0,streamPreviewAnnotations
FNDA:0,(anonymous_1)
FNDA:0,(anonymous_2)
DA:28,0
DA:29,0
DA:31,0
DA:34,0
DA:37,0
DA:38,0
DA:39,0
DA:41,0
DA:45,0
DA:46,0
DA:47,0
DA:48,0
DA:49,0
DA:52,0
DA:56,0
DA:57,0
DA:62,0
DA:63,0
DA:64,0
DA:65,0
DA:66,0
DA:70,0
DA:71,0
LF:23
LH:0
BRDA:34,0,0,0
BRDA:34,0,1,0
BRDA:46,1,0,0
BRDA:46,1,1,0
BRDA:62,2,0,0
BRDA:62,2,1,0
BRDA:63,3,0,0
BRDA:63,3,1,0
BRDA:70,4,0,0
BRDA:70,4,1,0
BRF:10
BRH:0
end_of_record
TN:
SF:src\lib\translations-data.js
FNF:0
FNH:0
DA:2,0
LF:1
LH:0
BRF:0
BRH:0
end_of_record
TN:
SF:src\lib\translations-data.json
FNF:0
FNH:0
LF:0
LH:0
BRF:0
BRH:0
end_of_record
TN:
SF:src\lib\translations.ts
FN:19,loadFullDictionary
FN:23,(anonymous_1)
FN:47,getDictMap
FN:60,translate
FN:85,getTranslator
FN:94,createLlmTranslator
FN:97,translate_2
FN:106,(anonymous_7)
FNF:8
FNH:0
FNDA:0,loadFullDictionary
FNDA:0,(anonymous_1)
FNDA:0,getDictMap
FNDA:0,translate
FNDA:0,getTranslator
FNDA:0,createLlmTranslator
FNDA:0,translate_2
FNDA:0,(anonymous_7)
DA:12,0
DA:13,0
DA:20,0
DA:21,0
DA:23,0
DA:24,0
DA:26,0
DA:27,0
DA:28,0
DA:29,0
DA:31,0
DA:32,0
DA:33,0
DA:34,0
DA:36,0
DA:38,0
DA:39,0
DA:43,0
DA:48,0
DA:52,0
DA:58,0
DA:61,0
DA:62,0
DA:64,0
DA:65,0
DA:66,0
DA:67,0
DA:75,0
DA:86,0
DA:88,0
DA:90,0
DA:95,0
DA:99,0
DA:100,0
DA:102,0
DA:107,0
DA:111,0
LF:37
LH:0
BRDA:20,0,0,0
BRDA:20,0,1,0
BRDA:21,1,0,0
BRDA:21,1,1,0
BRDA:28,2,0,0
BRDA:28,2,1,0
BRDA:66,3,0,0
BRDA:66,3,1,0
BRDA:86,4,0,0
BRDA:86,4,1,0
BRF:10
BRH:0
end_of_record
TN:
SF:src\lib\types.ts
FNF:0
FNH:0
DA:6,0
DA:9,0
DA:12,0
LF:3
LH:0
BRF:0
BRH:0
end_of_record
